<?xml version="1.0" encoding="UTF-8"?>
<!-- Generated by org.testng.reporters.JUnitReportReporter -->
<testsuite hostname="ECOS-185" failures="2" tests="30" name="com.buzzzworth.tests.BuzzzworthFormTest" time="508.513" errors="2" timestamp="2026-03-18T13:36:52 IST" skipped="0">
  <testcase classname="com.buzzzworth.tests.BuzzzworthFormTest" name="p01_allFieldsValid" time="25.662"/>
  <testcase classname="com.buzzzworth.tests.BuzzzworthFormTest" name="p02_fullNameAlphaSpace" time="1.572"/>
  <testcase classname="com.buzzzworth.tests.BuzzzworthFormTest" name="p03_phoneValidTenDigit" time="1.290"/>
  <testcase classname="com.buzzzworth.tests.BuzzzworthFormTest" name="p04_serviceAllOptionsSelectable" time="182.686">
    <failure message="The following asserts failed:
	P04-1: Exception selecting service &#039;Social Media Management&#039;: element not interactable
  (Session info: chrome=146.0.7680.75)
Build info: version: &#039;4.20.0&#039;, revision: &#039;866c76ca80&#039;
System info: os.name: &#039;Linux&#039;, os.arch: &#039;amd64&#039;, os.version: &#039;6.8.0-106-generic&#039;, java.version: &#039;11.0.30&#039;
Driver info: org.openqa.selenium.chrome.ChromeDriver
Command: [abd13d4f0f3c7e8fc54e3c011890a456, clickElement {id=f.BB7316DBBC87ECA56C004D5FC6E1373E.d.66BE1014828613DB2C297E8ED1772537.e.673}]
Capabilities {acceptInsecureCerts: false, browserName: chrome, browserVersion: 146.0.7680.75, chrome: {chromedriverVersion: 146.0.7680.80 (f08938029c88..., userDataDir: /tmp/org.chromium.Chromium....}, fedcm:accounts: true, goog:chromeOptions: {debuggerAddress: localhost:41857}, goog:processID: 13604, networkConnectionEnabled: false, pageLoadStrategy: normal, platformName: linux, proxy: Proxy(), se:cdp: ws://localhost:41857/devtoo..., se:cdpVersion: 146.0.7680.75, setWindowRect: true, strictFileInteractability: false, timeouts: {implicit: 0, pageLoad: 300000, script: 30000}, unhandledPromptBehavior: dismiss and notify, webauthn:extension:credBlob: true, webauthn:extension:largeBlob: true, webauthn:extension:minPinLength: true, webauthn:extension:prf: true, webauthn:virtualAuthenticators: true}
Element: [[ChromeDriver: chrome on linux (abd13d4f0f3c7e8fc54e3c011890a456)] -&gt; xpath: //*[contains(@class,&#039;option&#039;) or contains(@class,&#039;item&#039;) or @role=&#039;option&#039;]]
Session ID: abd13d4f0f3c7e8fc54e3c011890a456,
	P04-2: Exception selecting service &#039;Performance Marketing&#039;: element not interactable
  (Session info: chrome=146.0.7680.75)
Build info: version: &#039;4.20.0&#039;, revision: &#039;866c76ca80&#039;
System info: os.name: &#039;Linux&#039;, os.arch: &#039;amd64&#039;, os.version: &#039;6.8.0-106-generic&#039;, java.version: &#039;11.0.30&#039;
Driver info: org.openqa.selenium.chrome.ChromeDriver
Command: [abd13d4f0f3c7e8fc54e3c011890a456, clickElement {id=f.BB7316DBBC87ECA56C004D5FC6E1373E.d.BA021E09781A6FC23892DFBF8FC05C65.e.1047}]
Capabilities {acceptInsecureCerts: false, browserName: chrome, browserVersion: 146.0.7680.75, chrome: {chromedriverVersion: 146.0.7680.80 (f08938029c88..., userDataDir: /tmp/org.chromium.Chromium....}, fedcm:accounts: true, goog:chromeOptions: {debuggerAddress: localhost:41857}, goog:processID: 13604, networkConnectionEnabled: false, pageLoadStrategy: normal, platformName: linux, proxy: Proxy(), se:cdp: ws://localhost:41857/devtoo..., se:cdpVersion: 146.0.7680.75, setWindowRect: true, strictFileInteractability: false, timeouts: {implicit: 0, pageLoad: 300000, script: 30000}, unhandledPromptBehavior: dismiss and notify, webauthn:extension:credBlob: true, webauthn:extension:largeBlob: true, webauthn:extension:minPinLength: true, webauthn:extension:prf: true, webauthn:virtualAuthenticators: true}
Element: [[ChromeDriver: chrome on linux (abd13d4f0f3c7e8fc54e3c011890a456)] -&gt; xpath: //*[contains(@class,&#039;option&#039;) or contains(@class,&#039;item&#039;) or @role=&#039;option&#039;]]
Session ID: abd13d4f0f3c7e8fc54e3c011890a456,
	P04-3: Exception selecting service &#039;Social Media + Performance Marketing&#039;: element not interactable
  (Session info: chrome=146.0.7680.75)
Build info: version: &#039;4.20.0&#039;, revision: &#039;866c76ca80&#039;
System info: os.name: &#039;Linux&#039;, os.arch: &#039;amd64&#039;, os.version: &#039;6.8.0-106-generic&#039;, java.version: &#039;11.0.30&#039;
Driver info: org.openqa.selenium.chrome.ChromeDriver
Command: [abd13d4f0f3c7e8fc54e3c011890a456, clickElement {id=f.BB7316DBBC87ECA56C004D5FC6E1373E.d.3300F3E0503CD8AA4D58092AABC6F1A4.e.1421}]
Capabilities {acceptInsecureCerts: false, browserName: chrome, browserVersion: 146.0.7680.75, chrome: {chromedriverVersion: 146.0.7680.80 (f08938029c88..., userDataDir: /tmp/org.chromium.Chromium....}, fedcm:accounts: true, goog:chromeOptions: {debuggerAddress: localhost:41857}, goog:processID: 13604, networkConnectionEnabled: false, pageLoadStrategy: normal, platformName: linux, proxy: Proxy(), se:cdp: ws://localhost:41857/devtoo..., se:cdpVersion: 146.0.7680.75, setWindowRect: true, strictFileInteractability: false, timeouts: {implicit: 0, pageLoad: 300000, script: 30000}, unhandledPromptBehavior: dismiss and notify, webauthn:extension:credBlob: true, webauthn:extension:largeBlob: true, webauthn:extension:minPinLength: true, webauthn:extension:prf: true, webauthn:virtualAuthenticators: true}
Element: [[ChromeDriver: chrome on linux (abd13d4f0f3c7e8fc54e3c011890a456)] -&gt; xpath: //*[contains(@class,&#039;option&#039;) or contains(@class,&#039;item&#039;) or @role=&#039;option&#039;]]
Session ID: abd13d4f0f3c7e8fc54e3c011890a456,
	P04-4: Exception selecting service &#039;Campaign Strategy &amp; Execution&#039;: element not interactable
  (Session info: chrome=146.0.7680.75)
Build info: version: &#039;4.20.0&#039;, revision: &#039;866c76ca80&#039;
System info: os.name: &#039;Linux&#039;, os.arch: &#039;amd64&#039;, os.version: &#039;6.8.0-106-generic&#039;, java.version: &#039;11.0.30&#039;
Driver info: org.openqa.selenium.chrome.ChromeDriver
Command: [abd13d4f0f3c7e8fc54e3c011890a456, clickElement {id=f.BB7316DBBC87ECA56C004D5FC6E1373E.d.88BE77DD293C453305F4D8E7A8368413.e.1795}]
Capabilities {acceptInsecureCerts: false, browserName: chrome, browserVersion: 146.0.7680.75, chrome: {chromedriverVersion: 146.0.7680.80 (f08938029c88..., userDataDir: /tmp/org.chromium.Chromium....}, fedcm:accounts: true, goog:chromeOptions: {debuggerAddress: localhost:41857}, goog:processID: 13604, networkConnectionEnabled: false, pageLoadStrategy: normal, platformName: linux, proxy: Proxy(), se:cdp: ws://localhost:41857/devtoo..., se:cdpVersion: 146.0.7680.75, setWindowRect: true, strictFileInteractability: false, timeouts: {implicit: 0, pageLoad: 300000, script: 30000}, unhandledPromptBehavior: dismiss and notify, webauthn:extension:credBlob: true, webauthn:extension:largeBlob: true, webauthn:extension:minPinLength: true, webauthn:extension:prf: true, webauthn:virtualAuthenticators: true}
Element: [[ChromeDriver: chrome on linux (abd13d4f0f3c7e8fc54e3c011890a456)] -&gt; xpath: //*[contains(@class,&#039;option&#039;) or contains(@class,&#039;item&#039;) or @role=&#039;option&#039;]]
Session ID: abd13d4f0f3c7e8fc54e3c011890a456,
	P04-5: Exception selecting service &#039;Online Reputation Management&#039;: element not interactable
  (Session info: chrome=146.0.7680.75)
Build info: version: &#039;4.20.0&#039;, revision: &#039;866c76ca80&#039;
System info: os.name: &#039;Linux&#039;, os.arch: &#039;amd64&#039;, os.version: &#039;6.8.0-106-generic&#039;, java.version: &#039;11.0.30&#039;
Driver info: org.openqa.selenium.chrome.ChromeDriver
Command: [abd13d4f0f3c7e8fc54e3c011890a456, clickElement {id=f.BB7316DBBC87ECA56C004D5FC6E1373E.d.F7B921FBCE307CB968EDA2EF82CEE63D.e.2169}]
Capabilities {acceptInsecureCerts: false, browserName: chrome, browserVersion: 146.0.7680.75, chrome: {chromedriverVersion: 146.0.7680.80 (f08938029c88..., userDataDir: /tmp/org.chromium.Chromium....}, fedcm:accounts: true, goog:chromeOptions: {debuggerAddress: localhost:41857}, goog:processID: 13604, networkConnectionEnabled: false, pageLoadStrategy: normal, platformName: linux, proxy: Proxy(), se:cdp: ws://localhost:41857/devtoo..., se:cdpVersion: 146.0.7680.75, setWindowRect: true, strictFileInteractability: false, timeouts: {implicit: 0, pageLoad: 300000, script: 30000}, unhandledPromptBehavior: dismiss and notify, webauthn:extension:credBlob: true, webauthn:extension:largeBlob: true, webauthn:extension:minPinLength: true, webauthn:extension:prf: true, webauthn:virtualAuthenticators: true}
Element: [[ChromeDriver: chrome on linux (abd13d4f0f3c7e8fc54e3c011890a456)] -&gt; xpath: //*[contains(@class,&#039;option&#039;) or contains(@class,&#039;item&#039;) or @role=&#039;option&#039;]]
Session ID: abd13d4f0f3c7e8fc54e3c011890a456,
	P04-6: Exception selecting service &#039;Complete Digital Marketing Setup&#039;: element not interactable
  (Session info: chrome=146.0.7680.75)
Build info: version: &#039;4.20.0&#039;, revision: &#039;866c76ca80&#039;
System info: os.name: &#039;Linux&#039;, os.arch: &#039;amd64&#039;, os.version: &#039;6.8.0-106-generic&#039;, java.version: &#039;11.0.30&#039;
Driver info: org.openqa.selenium.chrome.ChromeDriver
Command: [abd13d4f0f3c7e8fc54e3c011890a456, clickElement {id=f.BB7316DBBC87ECA56C004D5FC6E1373E.d.3749807F532ADA9366E43ACF0A8F63D6.e.2543}]
Capabilities {acceptInsecureCerts: false, browserName: chrome, browserVersion: 146.0.7680.75, chrome: {chromedriverVersion: 146.0.7680.80 (f08938029c88..., userDataDir: /tmp/org.chromium.Chromium....}, fedcm:accounts: true, goog:chromeOptions: {debuggerAddress: localhost:41857}, goog:processID: 13604, networkConnectionEnabled: false, pageLoadStrategy: normal, platformName: linux, proxy: Proxy(), se:cdp: ws://localhost:41857/devtoo..., se:cdpVersion: 146.0.7680.75, setWindowRect: true, strictFileInteractability: false, timeouts: {implicit: 0, pageLoad: 300000, script: 30000}, unhandledPromptBehavior: dismiss and notify, webauthn:extension:credBlob: true, webauthn:extension:largeBlob: true, webauthn:extension:minPinLength: true, webauthn:extension:prf: true, webauthn:virtualAuthenticators: true}
Element: [[ChromeDriver: chrome on linux (abd13d4f0f3c7e8fc54e3c011890a456)] -&gt; xpath: //*[contains(@class,&#039;option&#039;) or contains(@class,&#039;item&#039;) or @role=&#039;option&#039;]]
Session ID: abd13d4f0f3c7e8fc54e3c011890a456,
	P04-7: Exception selecting service &#039;Not Sure – Need Consultation&#039;: element not interactable
  (Session info: chrome=146.0.7680.75)
Build info: version: &#039;4.20.0&#039;, revision: &#039;866c76ca80&#039;
System info: os.name: &#039;Linux&#039;, os.arch: &#039;amd64&#039;, os.version: &#039;6.8.0-106-generic&#039;, java.version: &#039;11.0.30&#039;
Driver info: org.openqa.selenium.chrome.ChromeDriver
Command: [abd13d4f0f3c7e8fc54e3c011890a456, clickElement {id=f.BB7316DBBC87ECA56C004D5FC6E1373E.d.C2C4A5114FA29434DF24DD3DE2E24CF4.e.2918}]
Capabilities {acceptInsecureCerts: false, browserName: chrome, browserVersion: 146.0.7680.75, chrome: {chromedriverVersion: 146.0.7680.80 (f08938029c88..., userDataDir: /tmp/org.chromium.Chromium....}, fedcm:accounts: true, goog:chromeOptions: {debuggerAddress: localhost:41857}, goog:processID: 13604, networkConnectionEnabled: false, pageLoadStrategy: normal, platformName: linux, proxy: Proxy(), se:cdp: ws://localhost:41857/devtoo..., se:cdpVersion: 146.0.7680.75, setWindowRect: true, strictFileInteractability: false, timeouts: {implicit: 0, pageLoad: 300000, script: 30000}, unhandledPromptBehavior: dismiss and notify, webauthn:extension:credBlob: true, webauthn:extension:largeBlob: true, webauthn:extension:minPinLength: true, webauthn:extension:prf: true, webauthn:virtualAuthenticators: true}
Element: [[ChromeDriver: chrome on linux (abd13d4f0f3c7e8fc54e3c011890a456)] -&gt; xpath: //*[contains(@class,&#039;option&#039;) or contains(@class,&#039;item&#039;) or @role=&#039;option&#039;]]
Session ID: abd13d4f0f3c7e8fc54e3c011890a456" type="java.lang.AssertionError">
      <![CDATA[java.lang.AssertionError: The following asserts failed:
P04-1: Exception selecting service 'Social Media Management': element not interactable
  (Session info: chrome=146.0.7680.75)
Build info: version: '4.20.0', revision: '866c76ca80'
System info: os.name: 'Linux', os.arch: 'amd64', os.version: '6.8.0-106-generic', java.version: '11.0.30'
Driver info: org.openqa.selenium.chrome.ChromeDriver
Command: [abd13d4f0f3c7e8fc54e3c011890a456, clickElement {id=f.BB7316DBBC87ECA56C004D5FC6E1373E.d.66BE1014828613DB2C297E8ED1772537.e.673}]
Capabilities {acceptInsecureCerts: false, browserName: chrome, browserVersion: 146.0.7680.75, chrome: {chromedriverVersion: 146.0.7680.80 (f08938029c88..., userDataDir: /tmp/org.chromium.Chromium....}, fedcm:accounts: true, goog:chromeOptions: {debuggerAddress: localhost:41857}, goog:processID: 13604, networkConnectionEnabled: false, pageLoadStrategy: normal, platformName: linux, proxy: Proxy(), se:cdp: ws://localhost:41857/devtoo..., se:cdpVersion: 146.0.7680.75, setWindowRect: true, strictFileInteractability: false, timeouts: {implicit: 0, pageLoad: 300000, script: 30000}, unhandledPromptBehavior: dismiss and notify, webauthn:extension:credBlob: true, webauthn:extension:largeBlob: true, webauthn:extension:minPinLength: true, webauthn:extension:prf: true, webauthn:virtualAuthenticators: true}
Element: [[ChromeDriver: chrome on linux (abd13d4f0f3c7e8fc54e3c011890a456)] -> xpath: //*[contains(@class,'option') or contains(@class,'item') or @role='option']]
Session ID: abd13d4f0f3c7e8fc54e3c011890a456,
P04-2: Exception selecting service 'Performance Marketing': element not interactable
  (Session info: chrome=146.0.7680.75)
Build info: version: '4.20.0', revision: '866c76ca80'
System info: os.name: 'Linux', os.arch: 'amd64', os.version: '6.8.0-106-generic', java.version: '11.0.30'
Driver info: org.openqa.selenium.chrome.ChromeDriver
Command: [abd13d4f0f3c7e8fc54e3c011890a456, clickElement {id=f.BB7316DBBC87ECA56C004D5FC6E1373E.d.BA021E09781A6FC23892DFBF8FC05C65.e.1047}]
Capabilities {acceptInsecureCerts: false, browserName: chrome, browserVersion: 146.0.7680.75, chrome: {chromedriverVersion: 146.0.7680.80 (f08938029c88..., userDataDir: /tmp/org.chromium.Chromium....}, fedcm:accounts: true, goog:chromeOptions: {debuggerAddress: localhost:41857}, goog:processID: 13604, networkConnectionEnabled: false, pageLoadStrategy: normal, platformName: linux, proxy: Proxy(), se:cdp: ws://localhost:41857/devtoo..., se:cdpVersion: 146.0.7680.75, setWindowRect: true, strictFileInteractability: false, timeouts: {implicit: 0, pageLoad: 300000, script: 30000}, unhandledPromptBehavior: dismiss and notify, webauthn:extension:credBlob: true, webauthn:extension:largeBlob: true, webauthn:extension:minPinLength: true, webauthn:extension:prf: true, webauthn:virtualAuthenticators: true}
Element: [[ChromeDriver: chrome on linux (abd13d4f0f3c7e8fc54e3c011890a456)] -> xpath: //*[contains(@class,'option') or contains(@class,'item') or @role='option']]
Session ID: abd13d4f0f3c7e8fc54e3c011890a456,
P04-3: Exception selecting service 'Social Media + Performance Marketing': element not interactable
  (Session info: chrome=146.0.7680.75)
Build info: version: '4.20.0', revision: '866c76ca80'
System info: os.name: 'Linux', os.arch: 'amd64', os.version: '6.8.0-106-generic', java.version: '11.0.30'
Driver info: org.openqa.selenium.chrome.ChromeDriver
Command: [abd13d4f0f3c7e8fc54e3c011890a456, clickElement {id=f.BB7316DBBC87ECA56C004D5FC6E1373E.d.3300F3E0503CD8AA4D58092AABC6F1A4.e.1421}]
Capabilities {acceptInsecureCerts: false, browserName: chrome, browserVersion: 146.0.7680.75, chrome: {chromedriverVersion: 146.0.7680.80 (f08938029c88..., userDataDir: /tmp/org.chromium.Chromium....}, fedcm:accounts: true, goog:chromeOptions: {debuggerAddress: localhost:41857}, goog:processID: 13604, networkConnectionEnabled: false, pageLoadStrategy: normal, platformName: linux, proxy: Proxy(), se:cdp: ws://localhost:41857/devtoo..., se:cdpVersion: 146.0.7680.75, setWindowRect: true, strictFileInteractability: false, timeouts: {implicit: 0, pageLoad: 300000, script: 30000}, unhandledPromptBehavior: dismiss and notify, webauthn:extension:credBlob: true, webauthn:extension:largeBlob: true, webauthn:extension:minPinLength: true, webauthn:extension:prf: true, webauthn:virtualAuthenticators: true}
Element: [[ChromeDriver: chrome on linux (abd13d4f0f3c7e8fc54e3c011890a456)] -> xpath: //*[contains(@class,'option') or contains(@class,'item') or @role='option']]
Session ID: abd13d4f0f3c7e8fc54e3c011890a456,
P04-4: Exception selecting service 'Campaign Strategy & Execution': element not interactable
  (Session info: chrome=146.0.7680.75)
Build info: version: '4.20.0', revision: '866c76ca80'
System info: os.name: 'Linux', os.arch: 'amd64', os.version: '6.8.0-106-generic', java.version: '11.0.30'
Driver info: org.openqa.selenium.chrome.ChromeDriver
Command: [abd13d4f0f3c7e8fc54e3c011890a456, clickElement {id=f.BB7316DBBC87ECA56C004D5FC6E1373E.d.88BE77DD293C453305F4D8E7A8368413.e.1795}]
Capabilities {acceptInsecureCerts: false, browserName: chrome, browserVersion: 146.0.7680.75, chrome: {chromedriverVersion: 146.0.7680.80 (f08938029c88..., userDataDir: /tmp/org.chromium.Chromium....}, fedcm:accounts: true, goog:chromeOptions: {debuggerAddress: localhost:41857}, goog:processID: 13604, networkConnectionEnabled: false, pageLoadStrategy: normal, platformName: linux, proxy: Proxy(), se:cdp: ws://localhost:41857/devtoo..., se:cdpVersion: 146.0.7680.75, setWindowRect: true, strictFileInteractability: false, timeouts: {implicit: 0, pageLoad: 300000, script: 30000}, unhandledPromptBehavior: dismiss and notify, webauthn:extension:credBlob: true, webauthn:extension:largeBlob: true, webauthn:extension:minPinLength: true, webauthn:extension:prf: true, webauthn:virtualAuthenticators: true}
Element: [[ChromeDriver: chrome on linux (abd13d4f0f3c7e8fc54e3c011890a456)] -> xpath: //*[contains(@class,'option') or contains(@class,'item') or @role='option']]
Session ID: abd13d4f0f3c7e8fc54e3c011890a456,
P04-5: Exception selecting service 'Online Reputation Management': element not interactable
  (Session info: chrome=146.0.7680.75)
Build info: version: '4.20.0', revision: '866c76ca80'
System info: os.name: 'Linux', os.arch: 'amd64', os.version: '6.8.0-106-generic', java.version: '11.0.30'
Driver info: org.openqa.selenium.chrome.ChromeDriver
Command: [abd13d4f0f3c7e8fc54e3c011890a456, clickElement {id=f.BB7316DBBC87ECA56C004D5FC6E1373E.d.F7B921FBCE307CB968EDA2EF82CEE63D.e.2169}]
Capabilities {acceptInsecureCerts: false, browserName: chrome, browserVersion: 146.0.7680.75, chrome: {chromedriverVersion: 146.0.7680.80 (f08938029c88..., userDataDir: /tmp/org.chromium.Chromium....}, fedcm:accounts: true, goog:chromeOptions: {debuggerAddress: localhost:41857}, goog:processID: 13604, networkConnectionEnabled: false, pageLoadStrategy: normal, platformName: linux, proxy: Proxy(), se:cdp: ws://localhost:41857/devtoo..., se:cdpVersion: 146.0.7680.75, setWindowRect: true, strictFileInteractability: false, timeouts: {implicit: 0, pageLoad: 300000, script: 30000}, unhandledPromptBehavior: dismiss and notify, webauthn:extension:credBlob: true, webauthn:extension:largeBlob: true, webauthn:extension:minPinLength: true, webauthn:extension:prf: true, webauthn:virtualAuthenticators: true}
Element: [[ChromeDriver: chrome on linux (abd13d4f0f3c7e8fc54e3c011890a456)] -> xpath: //*[contains(@class,'option') or contains(@class,'item') or @role='option']]
Session ID: abd13d4f0f3c7e8fc54e3c011890a456,
P04-6: Exception selecting service 'Complete Digital Marketing Setup': element not interactable
  (Session info: chrome=146.0.7680.75)
Build info: version: '4.20.0', revision: '866c76ca80'
System info: os.name: 'Linux', os.arch: 'amd64', os.version: '6.8.0-106-generic', java.version: '11.0.30'
Driver info: org.openqa.selenium.chrome.ChromeDriver
Command: [abd13d4f0f3c7e8fc54e3c011890a456, clickElement {id=f.BB7316DBBC87ECA56C004D5FC6E1373E.d.3749807F532ADA9366E43ACF0A8F63D6.e.2543}]
Capabilities {acceptInsecureCerts: false, browserName: chrome, browserVersion: 146.0.7680.75, chrome: {chromedriverVersion: 146.0.7680.80 (f08938029c88..., userDataDir: /tmp/org.chromium.Chromium....}, fedcm:accounts: true, goog:chromeOptions: {debuggerAddress: localhost:41857}, goog:processID: 13604, networkConnectionEnabled: false, pageLoadStrategy: normal, platformName: linux, proxy: Proxy(), se:cdp: ws://localhost:41857/devtoo..., se:cdpVersion: 146.0.7680.75, setWindowRect: true, strictFileInteractability: false, timeouts: {implicit: 0, pageLoad: 300000, script: 30000}, unhandledPromptBehavior: dismiss and notify, webauthn:extension:credBlob: true, webauthn:extension:largeBlob: true, webauthn:extension:minPinLength: true, webauthn:extension:prf: true, webauthn:virtualAuthenticators: true}
Element: [[ChromeDriver: chrome on linux (abd13d4f0f3c7e8fc54e3c011890a456)] -> xpath: //*[contains(@class,'option') or contains(@class,'item') or @role='option']]
Session ID: abd13d4f0f3c7e8fc54e3c011890a456,
P04-7: Exception selecting service 'Not Sure – Need Consultation': element not interactable
  (Session info: chrome=146.0.7680.75)
Build info: version: '4.20.0', revision: '866c76ca80'
System info: os.name: 'Linux', os.arch: 'amd64', os.version: '6.8.0-106-generic', java.version: '11.0.30'
Driver info: org.openqa.selenium.chrome.ChromeDriver
Command: [abd13d4f0f3c7e8fc54e3c011890a456, clickElement {id=f.BB7316DBBC87ECA56C004D5FC6E1373E.d.C2C4A5114FA29434DF24DD3DE2E24CF4.e.2918}]
Capabilities {acceptInsecureCerts: false, browserName: chrome, browserVersion: 146.0.7680.75, chrome: {chromedriverVersion: 146.0.7680.80 (f08938029c88..., userDataDir: /tmp/org.chromium.Chromium....}, fedcm:accounts: true, goog:chromeOptions: {debuggerAddress: localhost:41857}, goog:processID: 13604, networkConnectionEnabled: false, pageLoadStrategy: normal, platformName: linux, proxy: Proxy(), se:cdp: ws://localhost:41857/devtoo..., se:cdpVersion: 146.0.7680.75, setWindowRect: true, strictFileInteractability: false, timeouts: {implicit: 0, pageLoad: 300000, script: 30000}, unhandledPromptBehavior: dismiss and notify, webauthn:extension:credBlob: true, webauthn:extension:largeBlob: true, webauthn:extension:minPinLength: true, webauthn:extension:prf: true, webauthn:virtualAuthenticators: true}
Element: [[ChromeDriver: chrome on linux (abd13d4f0f3c7e8fc54e3c011890a456)] -> xpath: //*[contains(@class,'option') or contains(@class,'item') or @role='option']]
Session ID: abd13d4f0f3c7e8fc54e3c011890a456
at org.testng.asserts.SoftAssert.assertAll(SoftAssert.java:46)
at org.testng.asserts.SoftAssert.assertAll(SoftAssert.java:30)
at com.buzzzworth.tests.BuzzzworthFormTest.p04_serviceAllOptionsSelectable(BuzzzworthFormTest.java:403)
at java.base/jdk.internal.reflect.NativeMethodAccessorImpl.invoke0(Native Method)
at java.base/jdk.internal.reflect.NativeMethodAccessorImpl.invoke(NativeMethodAccessorImpl.java:62)
at java.base/jdk.internal.reflect.DelegatingMethodAccessorImpl.invoke(DelegatingMethodAccessorImpl.java:43)
at java.base/java.lang.reflect.Method.invoke(Method.java:566)
at org.testng.internal.invokers.MethodInvocationHelper.invokeMethod(MethodInvocationHelper.java:141)
at org.testng.internal.invokers.TestInvoker.invokeMethod(TestInvoker.java:687)
at org.testng.internal.invokers.TestInvoker.invokeTestMethod(TestInvoker.java:230)
at org.testng.internal.invokers.MethodRunner.runInSequence(MethodRunner.java:63)
at org.testng.internal.invokers.TestInvoker$MethodInvocationAgent.invoke(TestInvoker.java:995)
at org.testng.internal.invokers.TestInvoker.invokeTestMethods(TestInvoker.java:203)
at org.testng.internal.invokers.TestMethodWorker.invokeTestMethods(TestMethodWorker.java:154)
at org.testng.internal.invokers.TestMethodWorker.run(TestMethodWorker.java:134)
at java.base/java.util.ArrayList.forEach(ArrayList.java:1541)
at org.testng.TestRunner.privateRun(TestRunner.java:741)
at org.testng.TestRunner.run(TestRunner.java:616)
at org.testng.SuiteRunner.runTest(SuiteRunner.java:421)
at org.testng.SuiteRunner.runSequentially(SuiteRunner.java:413)
at org.testng.SuiteRunner.privateRun(SuiteRunner.java:373)
at org.testng.SuiteRunner.run(SuiteRunner.java:312)
at org.testng.SuiteRunnerWorker.runSuite(SuiteRunnerWorker.java:52)
at org.testng.SuiteRunnerWorker.run(SuiteRunnerWorker.java:95)
at org.testng.TestNG.runSuitesSequentially(TestNG.java:1274)
at org.testng.TestNG.runSuitesLocally(TestNG.java:1208)
at org.testng.TestNG.runSuites(TestNG.java:1112)
at org.testng.TestNG.run(TestNG.java:1079)
at org.testng.remote.AbstractRemoteTestNG.run(AbstractRemoteTestNG.java:115)
at org.testng.remote.RemoteTestNG.initAndRun(RemoteTestNG.java:293)
at org.testng.remote.RemoteTestNG.main(RemoteTestNG.java:91)
]]>
    </failure>
  </testcase> <!-- p04_serviceAllOptionsSelectable -->
  <testcase classname="com.buzzzworth.tests.BuzzzworthFormTest" name="p05_companyNameAlphanumeric" time="1.427"/>
  <testcase classname="com.buzzzworth.tests.BuzzzworthFormTest" name="p06_emailValidFormats" time="2.288"/>
  <testcase classname="com.buzzzworth.tests.BuzzzworthFormTest" name="p07_queryMultilineText" time="1.720"/>
  <testcase classname="com.buzzzworth.tests.BuzzzworthFormTest" name="p08_countryCodeDefault" time="3.798"/>
  <testcase classname="com.buzzzworth.tests.BuzzzworthFormTest" name="p09_fieldsRetainValues" time="1.977"/>
  <testcase classname="com.buzzzworth.tests.BuzzzworthFormTest" name="p10_tabKeyNavigation" time="2.813"/>
  <testcase classname="com.buzzzworth.tests.BuzzzworthFormTest" name="n01_allFieldsEmpty" time="3.135"/>
  <testcase classname="com.buzzzworth.tests.BuzzzworthFormTest" name="n02_fullNameBlank" time="25.369"/>
  <testcase classname="com.buzzzworth.tests.BuzzzworthFormTest" name="n03_phoneBlank" time="25.317"/>
  <testcase classname="com.buzzzworth.tests.BuzzzworthFormTest" name="n04_serviceNotSelected" time="10.671">
    <error message="unexpected alert open: {Alert text : All fields are required.}
  (Session info: chrome=146.0.7680.75): All fields are required.
Build info: version: &#039;4.20.0&#039;, revision: &#039;866c76ca80&#039;
System info: os.name: &#039;Linux&#039;, os.arch: &#039;amd64&#039;, os.version: &#039;6.8.0-106-generic&#039;, java.version: &#039;11.0.30&#039;
Driver info: org.openqa.selenium.chrome.ChromeDriver
Command: [abd13d4f0f3c7e8fc54e3c011890a456, findElement {value=body, using=tag name}]
Capabilities {acceptInsecureCerts: false, browserName: chrome, browserVersion: 146.0.7680.75, chrome: {chromedriverVersion: 146.0.7680.80 (f08938029c88..., userDataDir: /tmp/org.chromium.Chromium....}, fedcm:accounts: true, goog:chromeOptions: {debuggerAddress: localhost:41857}, goog:processID: 13604, networkConnectionEnabled: false, pageLoadStrategy: normal, platformName: linux, proxy: Proxy(), se:cdp: ws://localhost:41857/devtoo..., se:cdpVersion: 146.0.7680.75, setWindowRect: true, strictFileInteractability: false, timeouts: {implicit: 0, pageLoad: 300000, script: 30000}, unhandledPromptBehavior: dismiss and notify, webauthn:extension:credBlob: true, webauthn:extension:largeBlob: true, webauthn:extension:minPinLength: true, webauthn:extension:prf: true, webauthn:virtualAuthenticators: true}
Session ID: abd13d4f0f3c7e8fc54e3c011890a456" type="org.openqa.selenium.UnhandledAlertException">
      <![CDATA[org.openqa.selenium.UnhandledAlertException: unexpected alert open: {Alert text : All fields are required.}
  (Session info: chrome=146.0.7680.75): All fields are required.
Build info: version: '4.20.0', revision: '866c76ca80'
System info: os.name: 'Linux', os.arch: 'amd64', os.version: '6.8.0-106-generic', java.version: '11.0.30'
Driver info: org.openqa.selenium.chrome.ChromeDriver
Command: [abd13d4f0f3c7e8fc54e3c011890a456, findElement {value=body, using=tag name}]
Capabilities {acceptInsecureCerts: false, browserName: chrome, browserVersion: 146.0.7680.75, chrome: {chromedriverVersion: 146.0.7680.80 (f08938029c88..., userDataDir: /tmp/org.chromium.Chromium....}, fedcm:accounts: true, goog:chromeOptions: {debuggerAddress: localhost:41857}, goog:processID: 13604, networkConnectionEnabled: false, pageLoadStrategy: normal, platformName: linux, proxy: Proxy(), se:cdp: ws://localhost:41857/devtoo..., se:cdpVersion: 146.0.7680.75, setWindowRect: true, strictFileInteractability: false, timeouts: {implicit: 0, pageLoad: 300000, script: 30000}, unhandledPromptBehavior: dismiss and notify, webauthn:extension:credBlob: true, webauthn:extension:largeBlob: true, webauthn:extension:minPinLength: true, webauthn:extension:prf: true, webauthn:virtualAuthenticators: true}
Session ID: abd13d4f0f3c7e8fc54e3c011890a456
at org.openqa.selenium.remote.codec.w3c.W3CHttpResponseCodec.decode(W3CHttpResponseCodec.java:136)
at org.openqa.selenium.remote.codec.w3c.W3CHttpResponseCodec.decode(W3CHttpResponseCodec.java:50)
at org.openqa.selenium.remote.HttpCommandExecutor.execute(HttpCommandExecutor.java:190)
at org.openqa.selenium.remote.service.DriverCommandExecutor.invokeExecute(DriverCommandExecutor.java:216)
at org.openqa.selenium.remote.service.DriverCommandExecutor.execute(DriverCommandExecutor.java:174)
at org.openqa.selenium.remote.RemoteWebDriver.execute(RemoteWebDriver.java:518)
at org.openqa.selenium.remote.ElementLocation$ElementFinder$2.findElement(ElementLocation.java:165)
at org.openqa.selenium.remote.ElementLocation.findElement(ElementLocation.java:59)
at org.openqa.selenium.remote.RemoteWebDriver.findElement(RemoteWebDriver.java:355)
at org.openqa.selenium.remote.RemoteWebDriver.findElement(RemoteWebDriver.java:349)
at com.buzzzworth.tests.BuzzzworthFormTest.hasValidationError(BuzzzworthFormTest.java:264)
at com.buzzzworth.tests.BuzzzworthFormTest.n04_serviceNotSelected(BuzzzworthFormTest.java:669)
at java.base/jdk.internal.reflect.NativeMethodAccessorImpl.invoke0(Native Method)
at java.base/jdk.internal.reflect.NativeMethodAccessorImpl.invoke(NativeMethodAccessorImpl.java:62)
at java.base/jdk.internal.reflect.DelegatingMethodAccessorImpl.invoke(DelegatingMethodAccessorImpl.java:43)
at java.base/java.lang.reflect.Method.invoke(Method.java:566)
at org.testng.internal.invokers.MethodInvocationHelper.invokeMethod(MethodInvocationHelper.java:141)
at org.testng.internal.invokers.TestInvoker.invokeMethod(TestInvoker.java:687)
at org.testng.internal.invokers.TestInvoker.invokeTestMethod(TestInvoker.java:230)
at org.testng.internal.invokers.MethodRunner.runInSequence(MethodRunner.java:63)
at org.testng.internal.invokers.TestInvoker$MethodInvocationAgent.invoke(TestInvoker.java:995)
at org.testng.internal.invokers.TestInvoker.invokeTestMethods(TestInvoker.java:203)
at org.testng.internal.invokers.TestMethodWorker.invokeTestMethods(TestMethodWorker.java:154)
at org.testng.internal.invokers.TestMethodWorker.run(TestMethodWorker.java:134)
at java.base/java.util.ArrayList.forEach(ArrayList.java:1541)
at org.testng.TestRunner.privateRun(TestRunner.java:741)
at org.testng.TestRunner.run(TestRunner.java:616)
at org.testng.SuiteRunner.runTest(SuiteRunner.java:421)
at org.testng.SuiteRunner.runSequentially(SuiteRunner.java:413)
at org.testng.SuiteRunner.privateRun(SuiteRunner.java:373)
at org.testng.SuiteRunner.run(SuiteRunner.java:312)
at org.testng.SuiteRunnerWorker.runSuite(SuiteRunnerWorker.java:52)
at org.testng.SuiteRunnerWorker.run(SuiteRunnerWorker.java:95)
at org.testng.TestNG.runSuitesSequentially(TestNG.java:1274)
at org.testng.TestNG.runSuitesLocally(TestNG.java:1208)
at org.testng.TestNG.runSuites(TestNG.java:1112)
at org.testng.TestNG.run(TestNG.java:1079)
at org.testng.remote.AbstractRemoteTestNG.run(AbstractRemoteTestNG.java:115)
at org.testng.remote.RemoteTestNG.initAndRun(RemoteTestNG.java:293)
at org.testng.remote.RemoteTestNG.main(RemoteTestNG.java:91)
]]>
    </error>
  </testcase> <!-- n04_serviceNotSelected -->
  <testcase classname="com.buzzzworth.tests.BuzzzworthFormTest" name="n05_companyNameBlank" time="25.285"/>
  <testcase classname="com.buzzzworth.tests.BuzzzworthFormTest" name="n06_emailBlank" time="25.295"/>
  <testcase classname="com.buzzzworth.tests.BuzzzworthFormTest" name="n07_queryBlank" time="25.067"/>
  <testcase classname="com.buzzzworth.tests.BuzzzworthFormTest" name="n08_emailNoAtSymbol" time="2.900"/>
  <testcase classname="com.buzzzworth.tests.BuzzzworthFormTest" name="n09_emailNoDomain" time="2.656"/>
  <testcase classname="com.buzzzworth.tests.BuzzzworthFormTest" name="n10_emailWithSpaces" time="2.638"/>
  <testcase classname="com.buzzzworth.tests.BuzzzworthFormTest" name="n11_phoneWithLetters" time="2.617"/>
  <testcase classname="com.buzzzworth.tests.BuzzzworthFormTest" name="n12_phoneTooShort" time="25.307"/>
  <testcase classname="com.buzzzworth.tests.BuzzzworthFormTest" name="n13_phoneTooLong" time="1.529"/>
  <testcase classname="com.buzzzworth.tests.BuzzzworthFormTest" name="n14_nameSpacesOnly" time="25.620"/>
  <testcase classname="com.buzzzworth.tests.BuzzzworthFormTest" name="n15_nameNumbersOnly" time="1.498"/>
  <testcase classname="com.buzzzworth.tests.BuzzzworthFormTest" name="n16_sqlInjectionInName" time="25.230">
    <error message="unexpected alert open: {Alert text : All fields are required.}
  (Session info: chrome=146.0.7680.75): All fields are required.
Build info: version: &#039;4.20.0&#039;, revision: &#039;866c76ca80&#039;
System info: os.name: &#039;Linux&#039;, os.arch: &#039;amd64&#039;, os.version: &#039;6.8.0-106-generic&#039;, java.version: &#039;11.0.30&#039;
Driver info: org.openqa.selenium.chrome.ChromeDriver
Command: [abd13d4f0f3c7e8fc54e3c011890a456, findElement {value=body, using=tag name}]
Capabilities {acceptInsecureCerts: false, browserName: chrome, browserVersion: 146.0.7680.75, chrome: {chromedriverVersion: 146.0.7680.80 (f08938029c88..., userDataDir: /tmp/org.chromium.Chromium....}, fedcm:accounts: true, goog:chromeOptions: {debuggerAddress: localhost:41857}, goog:processID: 13604, networkConnectionEnabled: false, pageLoadStrategy: normal, platformName: linux, proxy: Proxy(), se:cdp: ws://localhost:41857/devtoo..., se:cdpVersion: 146.0.7680.75, setWindowRect: true, strictFileInteractability: false, timeouts: {implicit: 0, pageLoad: 300000, script: 30000}, unhandledPromptBehavior: dismiss and notify, webauthn:extension:credBlob: true, webauthn:extension:largeBlob: true, webauthn:extension:minPinLength: true, webauthn:extension:prf: true, webauthn:virtualAuthenticators: true}
Session ID: abd13d4f0f3c7e8fc54e3c011890a456" type="org.openqa.selenium.UnhandledAlertException">
      <![CDATA[org.openqa.selenium.UnhandledAlertException: unexpected alert open: {Alert text : All fields are required.}
  (Session info: chrome=146.0.7680.75): All fields are required.
Build info: version: '4.20.0', revision: '866c76ca80'
System info: os.name: 'Linux', os.arch: 'amd64', os.version: '6.8.0-106-generic', java.version: '11.0.30'
Driver info: org.openqa.selenium.chrome.ChromeDriver
Command: [abd13d4f0f3c7e8fc54e3c011890a456, findElement {value=body, using=tag name}]
Capabilities {acceptInsecureCerts: false, browserName: chrome, browserVersion: 146.0.7680.75, chrome: {chromedriverVersion: 146.0.7680.80 (f08938029c88..., userDataDir: /tmp/org.chromium.Chromium....}, fedcm:accounts: true, goog:chromeOptions: {debuggerAddress: localhost:41857}, goog:processID: 13604, networkConnectionEnabled: false, pageLoadStrategy: normal, platformName: linux, proxy: Proxy(), se:cdp: ws://localhost:41857/devtoo..., se:cdpVersion: 146.0.7680.75, setWindowRect: true, strictFileInteractability: false, timeouts: {implicit: 0, pageLoad: 300000, script: 30000}, unhandledPromptBehavior: dismiss and notify, webauthn:extension:credBlob: true, webauthn:extension:largeBlob: true, webauthn:extension:minPinLength: true, webauthn:extension:prf: true, webauthn:virtualAuthenticators: true}
Session ID: abd13d4f0f3c7e8fc54e3c011890a456
at org.openqa.selenium.remote.codec.w3c.W3CHttpResponseCodec.decode(W3CHttpResponseCodec.java:136)
at org.openqa.selenium.remote.codec.w3c.W3CHttpResponseCodec.decode(W3CHttpResponseCodec.java:50)
at org.openqa.selenium.remote.HttpCommandExecutor.execute(HttpCommandExecutor.java:190)
at org.openqa.selenium.remote.service.DriverCommandExecutor.invokeExecute(DriverCommandExecutor.java:216)
at org.openqa.selenium.remote.service.DriverCommandExecutor.execute(DriverCommandExecutor.java:174)
at org.openqa.selenium.remote.RemoteWebDriver.execute(RemoteWebDriver.java:518)
at org.openqa.selenium.remote.ElementLocation$ElementFinder$2.findElement(ElementLocation.java:165)
at org.openqa.selenium.remote.ElementLocation.findElement(ElementLocation.java:59)
at org.openqa.selenium.remote.RemoteWebDriver.findElement(RemoteWebDriver.java:355)
at org.openqa.selenium.remote.RemoteWebDriver.findElement(RemoteWebDriver.java:349)
at com.buzzzworth.tests.BuzzzworthFormTest.n16_sqlInjectionInName(BuzzzworthFormTest.java:951)
at java.base/jdk.internal.reflect.NativeMethodAccessorImpl.invoke0(Native Method)
at java.base/jdk.internal.reflect.NativeMethodAccessorImpl.invoke(NativeMethodAccessorImpl.java:62)
at java.base/jdk.internal.reflect.DelegatingMethodAccessorImpl.invoke(DelegatingMethodAccessorImpl.java:43)
at java.base/java.lang.reflect.Method.invoke(Method.java:566)
at org.testng.internal.invokers.MethodInvocationHelper.invokeMethod(MethodInvocationHelper.java:141)
at org.testng.internal.invokers.TestInvoker.invokeMethod(TestInvoker.java:687)
at org.testng.internal.invokers.TestInvoker.invokeTestMethod(TestInvoker.java:230)
at org.testng.internal.invokers.MethodRunner.runInSequence(MethodRunner.java:63)
at org.testng.internal.invokers.TestInvoker$MethodInvocationAgent.invoke(TestInvoker.java:995)
at org.testng.internal.invokers.TestInvoker.invokeTestMethods(TestInvoker.java:203)
at org.testng.internal.invokers.TestMethodWorker.invokeTestMethods(TestMethodWorker.java:154)
at org.testng.internal.invokers.TestMethodWorker.run(TestMethodWorker.java:134)
at java.base/java.util.ArrayList.forEach(ArrayList.java:1541)
at org.testng.TestRunner.privateRun(TestRunner.java:741)
at org.testng.TestRunner.run(TestRunner.java:616)
at org.testng.SuiteRunner.runTest(SuiteRunner.java:421)
at org.testng.SuiteRunner.runSequentially(SuiteRunner.java:413)
at org.testng.SuiteRunner.privateRun(SuiteRunner.java:373)
at org.testng.SuiteRunner.run(SuiteRunner.java:312)
at org.testng.SuiteRunnerWorker.runSuite(SuiteRunnerWorker.java:52)
at org.testng.SuiteRunnerWorker.run(SuiteRunnerWorker.java:95)
at org.testng.TestNG.runSuitesSequentially(TestNG.java:1274)
at org.testng.TestNG.runSuitesLocally(TestNG.java:1208)
at org.testng.TestNG.runSuites(TestNG.java:1112)
at org.testng.TestNG.run(TestNG.java:1079)
at org.testng.remote.AbstractRemoteTestNG.run(AbstractRemoteTestNG.java:115)
at org.testng.remote.RemoteTestNG.initAndRun(RemoteTestNG.java:293)
at org.testng.remote.RemoteTestNG.main(RemoteTestNG.java:91)
]]>
    </error>
  </testcase> <!-- n16_sqlInjectionInName -->
  <testcase classname="com.buzzzworth.tests.BuzzzworthFormTest" name="n17_xssInQuery" time="25.365">
    <failure message="The following asserts failed:
	N17-1: XSS alert was triggered — script executed! This is a SECURITY VULNERABILITY." type="java.lang.AssertionError">
      <![CDATA[java.lang.AssertionError: The following asserts failed:
N17-1: XSS alert was triggered — script executed! This is a SECURITY VULNERABILITY.
at org.testng.asserts.SoftAssert.assertAll(SoftAssert.java:46)
at org.testng.asserts.SoftAssert.assertAll(SoftAssert.java:30)
at com.buzzzworth.tests.BuzzzworthFormTest.n17_xssInQuery(BuzzzworthFormTest.java:993)
at java.base/jdk.internal.reflect.NativeMethodAccessorImpl.invoke0(Native Method)
at java.base/jdk.internal.reflect.NativeMethodAccessorImpl.invoke(NativeMethodAccessorImpl.java:62)
at java.base/jdk.internal.reflect.DelegatingMethodAccessorImpl.invoke(DelegatingMethodAccessorImpl.java:43)
at java.base/java.lang.reflect.Method.invoke(Method.java:566)
at org.testng.internal.invokers.MethodInvocationHelper.invokeMethod(MethodInvocationHelper.java:141)
at org.testng.internal.invokers.TestInvoker.invokeMethod(TestInvoker.java:687)
at org.testng.internal.invokers.TestInvoker.invokeTestMethod(TestInvoker.java:230)
at org.testng.internal.invokers.MethodRunner.runInSequence(MethodRunner.java:63)
at org.testng.internal.invokers.TestInvoker$MethodInvocationAgent.invoke(TestInvoker.java:995)
at org.testng.internal.invokers.TestInvoker.invokeTestMethods(TestInvoker.java:203)
at org.testng.internal.invokers.TestMethodWorker.invokeTestMethods(TestMethodWorker.java:154)
at org.testng.internal.invokers.TestMethodWorker.run(TestMethodWorker.java:134)
at java.base/java.util.ArrayList.forEach(ArrayList.java:1541)
at org.testng.TestRunner.privateRun(TestRunner.java:741)
at org.testng.TestRunner.run(TestRunner.java:616)
at org.testng.SuiteRunner.runTest(SuiteRunner.java:421)
at org.testng.SuiteRunner.runSequentially(SuiteRunner.java:413)
at org.testng.SuiteRunner.privateRun(SuiteRunner.java:373)
at org.testng.SuiteRunner.run(SuiteRunner.java:312)
at org.testng.SuiteRunnerWorker.runSuite(SuiteRunnerWorker.java:52)
at org.testng.SuiteRunnerWorker.run(SuiteRunnerWorker.java:95)
at org.testng.TestNG.runSuitesSequentially(TestNG.java:1274)
at org.testng.TestNG.runSuitesLocally(TestNG.java:1208)
at org.testng.TestNG.runSuites(TestNG.java:1112)
at org.testng.TestNG.run(TestNG.java:1079)
at org.testng.remote.AbstractRemoteTestNG.run(AbstractRemoteTestNG.java:115)
at org.testng.remote.RemoteTestNG.initAndRun(RemoteTestNG.java:293)
at org.testng.remote.RemoteTestNG.main(RemoteTestNG.java:91)
]]>
    </failure>
  </testcase> <!-- n17_xssInQuery -->
  <testcase classname="com.buzzzworth.tests.BuzzzworthFormTest" name="n18_fullName300Chars" time="2.173"/>
  <testcase classname="com.buzzzworth.tests.BuzzzworthFormTest" name="n19_query1000Chars" time="2.457"/>
  <testcase classname="com.buzzzworth.tests.BuzzzworthFormTest" name="n20_onlyServiceFilledRestBlank" time="23.151"/>
</testsuite> <!-- com.buzzzworth.tests.BuzzzworthFormTest -->
